# JRE version: Java(TM) SE Runtime Environment (7.0_71-b14) (build 1.7.0_71-b14)
# Java VM: Java HotSpot(TM) 64-Bit Server VM (24.71-b01 mixed mode bsd-amd64 compressed oops)
Heap
 PSYoungGen      total 186368K, used 13837K [0x00000007eaa80000, 0x00000007f9b80000, 0x0000000800000000)
  eden space 172032K, 0% used [0x00000007eaa80000,0x00000007eaa80000,0x00000007f5280000)
  from space 14336K, 96% used [0x00000007f5880000,0x00000007f6603558,0x00000007f6680000)
  to   space 37376K, 0% used [0x00000007f7700000,0x00000007f7700000,0x00000007f9b80000)
 ParOldGen       total 174592K, used 154875K [0x00000007c0000000, 0x00000007caa80000, 0x00000007eaa80000)
  object space 174592K, 88% used [0x00000007c0000000,0x00000007c973ef30,0x00000007caa80000)
 PSPermGen       total 111616K, used 99267K [0x00000007b0000000, 0x00000007b6d00000, 0x00000007c0000000)
  object space 111616K, 88% used [0x00000007b0000000,0x00000007b60f0f78,0x00000007b6d00000)
GC Heap History (10 events):
Event: 9158.563 GC heap after
Heap after GC invocations=83 (full 10):
 PSYoungGen      total 237568K, used 0K [0x00000007eaa80000, 0x00000007fb880000, 0x0000000800000000)
  eden space 198656K, 0% used [0x00000007eaa80000,0x00000007eaa80000,0x00000007f6c80000)
  from space 38912K, 0% used [0x00000007f6c80000,0x00000007f6c80000,0x00000007f9280000)
  to   space 38912K, 0% used [0x00000007f9280000,0x00000007f9280000,0x00000007fb880000)
 ParOldGen       total 174592K, used 108055K [0x00000007c0000000, 0x00000007caa80000, 0x00000007eaa80000)
  object space 174592K, 61% used [0x00000007c0000000,0x00000007c6985ee8,0x00000007caa80000)
 PSPermGen       total 111616K, used 82839K [0x00000007b0000000, 0x00000007b6d00000, 0x00000007c0000000)
  object space 111616K, 74% used [0x00000007b0000000,0x00000007b50e5c18,0x00000007b6d00000)
}
Event: 9218.767 GC heap before
{Heap before GC invocations=84 (full 10):
 PSYoungGen      total 237568K, used 198656K [0x00000007eaa80000, 0x00000007fb880000, 0x0000000800000000)
  eden space 198656K, 100% used [0x00000007eaa80000,0x00000007f6c80000,0x00000007f6c80000)
  from space 38912K, 0% used [0x00000007f6c80000,0x00000007f6c80000,0x00000007f9280000)
  to   space 38912K, 0% used [0x00000007f9280000,0x00000007f9280000,0x00000007fb880000)
 ParOldGen       total 174592K, used 108055K [0x00000007c0000000, 0x00000007caa80000, 0x00000007eaa80000)
  object space 174592K, 61% used [0x00000007c0000000,0x00000007c6985ee8,0x00000007caa80000)
 PSPermGen       total 111616K, used 89606K [0x00000007b0000000, 0x00000007b6d00000, 0x00000007c0000000)
  object space 111616K, 80% used [0x00000007b0000000,0x00000007b5781a40,0x00000007b6d00000)
Event: 9218.795 GC heap after
Heap after GC invocations=84 (full 10):
 PSYoungGen      total 226304K, used 25389K [0x00000007eaa80000, 0x00000007fb480000, 0x0000000800000000)
  eden space 191488K, 0% used [0x00000007eaa80000,0x00000007eaa80000,0x00000007f6580000)
  from space 34816K, 72% used [0x00000007f9280000,0x00000007fab4b680,0x00000007fb480000)
  to   space 40448K, 0% used [0x00000007f6580000,0x00000007f6580000,0x00000007f8d00000)
 ParOldGen       total 174592K, used 108055K [0x00000007c0000000, 0x00000007caa80000, 0x00000007eaa80000)
  object space 174592K, 61% used [0x00000007c0000000,0x00000007c6985ee8,0x00000007caa80000)
 PSPermGen       total 111616K, used 89606K [0x00000007b0000000, 0x00000007b6d00000, 0x00000007c0000000)
  object space 111616K, 80% used [0x00000007b0000000,0x00000007b5781a40,0x00000007b6d00000)
}
Event: 9220.445 GC heap before
{Heap before GC invocations=85 (full 10):
 PSYoungGen      total 226304K, used 216877K [0x00000007eaa80000, 0x00000007fb480000, 0x0000000800000000)
  eden space 191488K, 100% used [0x00000007eaa80000,0x00000007f6580000,0x00000007f6580000)
  from space 34816K, 72% used [0x00000007f9280000,0x00000007fab4b680,0x00000007fb480000)
  to   space 40448K, 0% used [0x00000007f6580000,0x00000007f6580000,0x00000007f8d00000)
 ParOldGen       total 174592K, used 108055K [0x00000007c0000000, 0x00000007caa80000, 0x00000007eaa80000)
  object space 174592K, 61% used [0x00000007c0000000,0x00000007c6985ee8,0x00000007caa80000)
 PSPermGen       total 111616K, used 90041K [0x00000007b0000000, 0x00000007b6d00000, 0x00000007c0000000)
  object space 111616K, 80% used [0x00000007b0000000,0x00000007b57ee550,0x00000007b6d00000)
Event: 9220.470 GC heap after
Heap after GC invocations=85 (full 10):
 PSYoungGen      total 196608K, used 11401K [0x00000007eaa80000, 0x00000007fab00000, 0x0000000800000000)
  eden space 184832K, 0% used [0x00000007eaa80000,0x00000007eaa80000,0x00000007f5f00000)
  from space 11776K, 96% used [0x00000007f6580000,0x00000007f70a2750,0x00000007f7100000)
  to   space 38912K, 0% used [0x00000007f8500000,0x00000007f8500000,0x00000007fab00000)
 ParOldGen       total 174592K, used 128135K [0x00000007c0000000, 0x00000007caa80000, 0x00000007eaa80000)
  object space 174592K, 73% used [0x00000007c0000000,0x00000007c7d21c28,0x00000007caa80000)
 PSPermGen       total 111616K, used 90041K [0x00000007b0000000, 0x00000007b6d00000, 0x00000007c0000000)
  object space 111616K, 80% used [0x00000007b0000000,0x00000007b57ee550,0x00000007b6d00000)
}
Event: 9637.797 GC heap before
{Heap before GC invocations=86 (full 10):
 PSYoungGen      total 196608K, used 196233K [0x00000007eaa80000, 0x00000007fab00000, 0x0000000800000000)
  eden space 184832K, 100% used [0x00000007eaa80000,0x00000007f5f00000,0x00000007f5f00000)
  from space 11776K, 96% used [0x00000007f6580000,0x00000007f70a2750,0x00000007f7100000)
  to   space 38912K, 0% used [0x00000007f8500000,0x00000007f8500000,0x00000007fab00000)
 ParOldGen       total 174592K, used 128135K [0x00000007c0000000, 0x00000007caa80000, 0x00000007eaa80000)
  object space 174592K, 73% used [0x00000007c0000000,0x00000007c7d21c28,0x00000007caa80000)
 PSPermGen       total 111616K, used 96698K [0x00000007b0000000, 0x00000007b6d00000, 0x00000007c0000000)
  object space 111616K, 86% used [0x00000007b0000000,0x00000007b5e6eb30,0x00000007b6d00000)
Event: 9637.822 GC heap after
Heap after GC invocations=86 (full 10):
 PSYoungGen      total 211456K, used 22536K [0x00000007eaa80000, 0x00000007fa580000, 0x0000000800000000)
  eden space 178176K, 0% used [0x00000007eaa80000,0x00000007eaa80000,0x00000007f5880000)
  from space 33280K, 67% used [0x00000007f8500000,0x00000007f9b02220,0x00000007fa580000)
  to   space 39424K, 0% used [0x00000007f5880000,0x00000007f5880000,0x00000007f7f00000)
 ParOldGen       total 174592K, used 137907K [0x00000007c0000000, 0x00000007caa80000, 0x00000007eaa80000)
  object space 174592K, 78% used [0x00000007c0000000,0x00000007c86aceb8,0x00000007caa80000)
 PSPermGen       total 111616K, used 96698K [0x00000007b0000000, 0x00000007b6d00000, 0x00000007c0000000)
  object space 111616K, 86% used [0x00000007b0000000,0x00000007b5e6eb30,0x00000007b6d00000)
}
Event: 9672.085 GC heap before
{Heap before GC invocations=87 (full 10):
 PSYoungGen      total 211456K, used 200712K [0x00000007eaa80000, 0x00000007fa580000, 0x0000000800000000)
  eden space 178176K, 100% used [0x00000007eaa80000,0x00000007f5880000,0x00000007f5880000)
  from space 33280K, 67% used [0x00000007f8500000,0x00000007f9b02220,0x00000007fa580000)
  to   space 39424K, 0% used [0x00000007f5880000,0x00000007f5880000,0x00000007f7f00000)
 ParOldGen       total 174592K, used 137907K [0x00000007c0000000, 0x00000007caa80000, 0x00000007eaa80000)
  object space 174592K, 78% used [0x00000007c0000000,0x00000007c86aceb8,0x00000007caa80000)
 PSPermGen       total 111616K, used 99267K [0x00000007b0000000, 0x00000007b6d00000, 0x00000007c0000000)
  object space 111616K, 88% used [0x00000007b0000000,0x00000007b60f0f78,0x00000007b6d00000)
Event: 9672.128 GC heap after
Heap after GC invocations=87 (full 10):
 PSYoungGen      total 186368K, used 13837K [0x00000007eaa80000, 0x00000007f9b80000, 0x0000000800000000)
  eden space 172032K, 0% used [0x00000007eaa80000,0x00000007eaa80000,0x00000007f5280000)
  from space 14336K, 96% used [0x00000007f5880000,0x00000007f6603558,0x00000007f6680000)
  to   space 37376K, 0% used [0x00000007f7700000,0x00000007f7700000,0x00000007f9b80000)
 ParOldGen       total 174592K, used 154875K [0x00000007c0000000, 0x00000007caa80000, 0x00000007eaa80000)
  object space 174592K, 88% used [0x00000007c0000000,0x00000007c973ef30,0x00000007caa80000)
 PSPermGen       total 111616K, used 99267K [0x00000007b0000000, 0x00000007b6d00000, 0x00000007c0000000)
  object space 111616K, 88% used [0x00000007b0000000,0x00000007b60f0f78,0x00000007b6d00000)
}
Event: 9672.128 GC heap before
{Heap before GC invocations=88 (full 11):
 PSYoungGen      total 186368K, used 13837K [0x00000007eaa80000, 0x00000007f9b80000, 0x0000000800000000)
  eden space 172032K, 0% used [0x00000007eaa80000,0x00000007eaa80000,0x00000007f5280000)
  from space 14336K, 96% used [0x00000007f5880000,0x00000007f6603558,0x00000007f6680000)
  to   space 37376K, 0% used [0x00000007f7700000,0x00000007f7700000,0x00000007f9b80000)
 ParOldGen       total 174592K, used 154875K [0x00000007c0000000, 0x00000007caa80000, 0x00000007eaa80000)
  object space 174592K, 88% used [0x00000007c0000000,0x00000007c973ef30,0x00000007caa80000)
 PSPermGen       total 111616K, used 99267K [0x00000007b0000000, 0x00000007b6d00000, 0x00000007c0000000)
  object space 111616K, 88% used [0x00000007b0000000,0x00000007b60f0f78,0x00000007b6d00000)

